<?xml version="1.0" encoding="UTF-8"?>
<testsuites>
  <testsuite name="/Users/navid/Desktop/library/phpunit.xml" tests="7" assertions="0" errors="7" failures="0" skipped="0" time="0.000000">
    <testsuite name="SmartFailover Test Suite" tests="7" assertions="0" errors="7" failures="0" skipped="0" time="0.000000">
      <testsuite name="Mirzaaghazadeh\SmartFailover\Tests\Unit\SmartFailoverTest" file="/Users/navid/Desktop/library/tests/Unit/SmartFailoverTest.php" tests="7" assertions="0" errors="7" failures="0" skipped="0" time="0.000000">
        <testcase name="it_can_execute_callback" file="/Users/navid/Desktop/library/tests/Unit/SmartFailoverTest.php" line="54" class="Mirzaaghazadeh\SmartFailover\Tests\Unit\SmartFailoverTest" classname="Mirzaaghazadeh.SmartFailover.Tests.Unit.SmartFailoverTest" assertions="0" time="0.000000">
          <error type="Illuminate\Contracts\Container\BindingResolutionException">Mirzaaghazadeh\SmartFailover\Tests\Unit\SmartFailoverTest::it_can_execute_callback
Illuminate\Contracts\Container\BindingResolutionException: Target class [MirzaAghazadeh\SmartFailover\Console\Commands\HealthCheckCommand] does not exist.

/Users/navid/Desktop/library/vendor/laravel/framework/src/Illuminate/Container/Container.php:961
/Users/navid/Desktop/library/vendor/laravel/framework/src/Illuminate/Container/Container.php:832
/Users/navid/Desktop/library/vendor/laravel/framework/src/Illuminate/Foundation/Application.php:1078
/Users/navid/Desktop/library/vendor/laravel/framework/src/Illuminate/Container/Container.php:763
/Users/navid/Desktop/library/vendor/laravel/framework/src/Illuminate/Foundation/Application.php:1058
/Users/navid/Desktop/library/vendor/laravel/framework/src/Illuminate/Console/Application.php:276
/Users/navid/Desktop/library/vendor/laravel/framework/src/Illuminate/Console/Application.php:290
/Users/navid/Desktop/library/vendor/laravel/framework/src/Illuminate/Support/ServiceProvider.php:473
/Users/navid/Desktop/library/vendor/laravel/framework/src/Illuminate/Console/Application.php:134
/Users/navid/Desktop/library/vendor/laravel/framework/src/Illuminate/Console/Application.php:81
/Users/navid/Desktop/library/vendor/laravel/framework/src/Illuminate/Foundation/Console/Kernel.php:540
/Users/navid/Desktop/library/vendor/laravel/framework/src/Illuminate/Foundation/Console/Kernel.php:427
/Users/navid/Desktop/library/vendor/laravel/framework/src/Illuminate/Testing/PendingCommand.php:332
/Users/navid/Desktop/library/vendor/laravel/framework/src/Illuminate/Testing/PendingCommand.php:556
/Users/navid/Desktop/library/vendor/laravel/framework/src/Illuminate/Foundation/Testing/Concerns/InteractsWithConsole.php:87
/Users/navid/Desktop/library/tests/TestCase.php:91
/Users/navid/Desktop/library/tests/TestCase.php:14
/Users/navid/Desktop/library/tests/Unit/SmartFailoverTest.php:14</error>
        </testcase>
        <testcase name="it_can_chain_multiple_configurations" file="/Users/navid/Desktop/library/tests/Unit/SmartFailoverTest.php" line="43" class="Mirzaaghazadeh\SmartFailover\Tests\Unit\SmartFailoverTest" classname="Mirzaaghazadeh.SmartFailover.Tests.Unit.SmartFailoverTest" assertions="0" time="0.000000">
          <error type="Illuminate\Contracts\Container\BindingResolutionException">Mirzaaghazadeh\SmartFailover\Tests\Unit\SmartFailoverTest::it_can_chain_multiple_configurations
Illuminate\Contracts\Container\BindingResolutionException: Target class [MirzaAghazadeh\SmartFailover\Console\Commands\HealthCheckCommand] does not exist.

/Users/navid/Desktop/library/vendor/laravel/framework/src/Illuminate/Container/Container.php:961
/Users/navid/Desktop/library/vendor/laravel/framework/src/Illuminate/Container/Container.php:832
/Users/navid/Desktop/library/vendor/laravel/framework/src/Illuminate/Foundation/Application.php:1078
/Users/navid/Desktop/library/vendor/laravel/framework/src/Illuminate/Container/Container.php:763
/Users/navid/Desktop/library/vendor/laravel/framework/src/Illuminate/Foundation/Application.php:1058
/Users/navid/Desktop/library/vendor/laravel/framework/src/Illuminate/Console/Application.php:276
/Users/navid/Desktop/library/vendor/laravel/framework/src/Illuminate/Console/Application.php:290
/Users/navid/Desktop/library/vendor/laravel/framework/src/Illuminate/Support/ServiceProvider.php:473
/Users/navid/Desktop/library/vendor/laravel/framework/src/Illuminate/Console/Application.php:134
/Users/navid/Desktop/library/vendor/laravel/framework/src/Illuminate/Console/Application.php:81
/Users/navid/Desktop/library/vendor/laravel/framework/src/Illuminate/Foundation/Console/Kernel.php:540
/Users/navid/Desktop/library/vendor/laravel/framework/src/Illuminate/Foundation/Console/Kernel.php:427
/Users/navid/Desktop/library/vendor/laravel/framework/src/Illuminate/Testing/PendingCommand.php:332
/Users/navid/Desktop/library/vendor/laravel/framework/src/Illuminate/Testing/PendingCommand.php:556
/Users/navid/Desktop/library/vendor/laravel/framework/src/Illuminate/Foundation/Testing/Concerns/InteractsWithConsole.php:87
/Users/navid/Desktop/library/tests/TestCase.php:91
/Users/navid/Desktop/library/tests/TestCase.php:14
/Users/navid/Desktop/library/tests/Unit/SmartFailoverTest.php:14</error>
        </testcase>
        <testcase name="it_can_configure_queue_failover" file="/Users/navid/Desktop/library/tests/Unit/SmartFailoverTest.php" line="35" class="Mirzaaghazadeh\SmartFailover\Tests\Unit\SmartFailoverTest" classname="Mirzaaghazadeh.SmartFailover.Tests.Unit.SmartFailoverTest" assertions="0" time="0.000000">
          <error type="Illuminate\Contracts\Container\BindingResolutionException">Mirzaaghazadeh\SmartFailover\Tests\Unit\SmartFailoverTest::it_can_configure_queue_failover
Illuminate\Contracts\Container\BindingResolutionException: Target class [MirzaAghazadeh\SmartFailover\Console\Commands\HealthCheckCommand] does not exist.

/Users/navid/Desktop/library/vendor/laravel/framework/src/Illuminate/Container/Container.php:961
/Users/navid/Desktop/library/vendor/laravel/framework/src/Illuminate/Container/Container.php:832
/Users/navid/Desktop/library/vendor/laravel/framework/src/Illuminate/Foundation/Application.php:1078
/Users/navid/Desktop/library/vendor/laravel/framework/src/Illuminate/Container/Container.php:763
/Users/navid/Desktop/library/vendor/laravel/framework/src/Illuminate/Foundation/Application.php:1058
/Users/navid/Desktop/library/vendor/laravel/framework/src/Illuminate/Console/Application.php:276
/Users/navid/Desktop/library/vendor/laravel/framework/src/Illuminate/Console/Application.php:290
/Users/navid/Desktop/library/vendor/laravel/framework/src/Illuminate/Support/ServiceProvider.php:473
/Users/navid/Desktop/library/vendor/laravel/framework/src/Illuminate/Console/Application.php:134
/Users/navid/Desktop/library/vendor/laravel/framework/src/Illuminate/Console/Application.php:81
/Users/navid/Desktop/library/vendor/laravel/framework/src/Illuminate/Foundation/Console/Kernel.php:540
/Users/navid/Desktop/library/vendor/laravel/framework/src/Illuminate/Foundation/Console/Kernel.php:427
/Users/navid/Desktop/library/vendor/laravel/framework/src/Illuminate/Testing/PendingCommand.php:332
/Users/navid/Desktop/library/vendor/laravel/framework/src/Illuminate/Testing/PendingCommand.php:556
/Users/navid/Desktop/library/vendor/laravel/framework/src/Illuminate/Foundation/Testing/Concerns/InteractsWithConsole.php:87
/Users/navid/Desktop/library/tests/TestCase.php:91
/Users/navid/Desktop/library/tests/TestCase.php:14
/Users/navid/Desktop/library/tests/Unit/SmartFailoverTest.php:14</error>
        </testcase>
        <testcase name="it_can_reset_configuration" file="/Users/navid/Desktop/library/tests/Unit/SmartFailoverTest.php" line="76" class="Mirzaaghazadeh\SmartFailover\Tests\Unit\SmartFailoverTest" classname="Mirzaaghazadeh.SmartFailover.Tests.Unit.SmartFailoverTest" assertions="0" time="0.000000">
          <error type="Illuminate\Contracts\Container\BindingResolutionException">Mirzaaghazadeh\SmartFailover\Tests\Unit\SmartFailoverTest::it_can_reset_configuration
Illuminate\Contracts\Container\BindingResolutionException: Target class [MirzaAghazadeh\SmartFailover\Console\Commands\HealthCheckCommand] does not exist.

/Users/navid/Desktop/library/vendor/laravel/framework/src/Illuminate/Container/Container.php:961
/Users/navid/Desktop/library/vendor/laravel/framework/src/Illuminate/Container/Container.php:832
/Users/navid/Desktop/library/vendor/laravel/framework/src/Illuminate/Foundation/Application.php:1078
/Users/navid/Desktop/library/vendor/laravel/framework/src/Illuminate/Container/Container.php:763
/Users/navid/Desktop/library/vendor/laravel/framework/src/Illuminate/Foundation/Application.php:1058
/Users/navid/Desktop/library/vendor/laravel/framework/src/Illuminate/Console/Application.php:276
/Users/navid/Desktop/library/vendor/laravel/framework/src/Illuminate/Console/Application.php:290
/Users/navid/Desktop/library/vendor/laravel/framework/src/Illuminate/Support/ServiceProvider.php:473
/Users/navid/Desktop/library/vendor/laravel/framework/src/Illuminate/Console/Application.php:134
/Users/navid/Desktop/library/vendor/laravel/framework/src/Illuminate/Console/Application.php:81
/Users/navid/Desktop/library/vendor/laravel/framework/src/Illuminate/Foundation/Console/Kernel.php:540
/Users/navid/Desktop/library/vendor/laravel/framework/src/Illuminate/Foundation/Console/Kernel.php:427
/Users/navid/Desktop/library/vendor/laravel/framework/src/Illuminate/Testing/PendingCommand.php:332
/Users/navid/Desktop/library/vendor/laravel/framework/src/Illuminate/Testing/PendingCommand.php:556
/Users/navid/Desktop/library/vendor/laravel/framework/src/Illuminate/Foundation/Testing/Concerns/InteractsWithConsole.php:87
/Users/navid/Desktop/library/tests/TestCase.php:91
/Users/navid/Desktop/library/tests/TestCase.php:14
/Users/navid/Desktop/library/tests/Unit/SmartFailoverTest.php:14</error>
        </testcase>
        <testcase name="it_can_get_health_status" file="/Users/navid/Desktop/library/tests/Unit/SmartFailoverTest.php" line="67" class="Mirzaaghazadeh\SmartFailover\Tests\Unit\SmartFailoverTest" classname="Mirzaaghazadeh.SmartFailover.Tests.Unit.SmartFailoverTest" assertions="0" time="0.000000">
          <error type="Illuminate\Contracts\Container\BindingResolutionException">Mirzaaghazadeh\SmartFailover\Tests\Unit\SmartFailoverTest::it_can_get_health_status
Illuminate\Contracts\Container\BindingResolutionException: Target class [MirzaAghazadeh\SmartFailover\Console\Commands\HealthCheckCommand] does not exist.

/Users/navid/Desktop/library/vendor/laravel/framework/src/Illuminate/Container/Container.php:961
/Users/navid/Desktop/library/vendor/laravel/framework/src/Illuminate/Container/Container.php:832
/Users/navid/Desktop/library/vendor/laravel/framework/src/Illuminate/Foundation/Application.php:1078
/Users/navid/Desktop/library/vendor/laravel/framework/src/Illuminate/Container/Container.php:763
/Users/navid/Desktop/library/vendor/laravel/framework/src/Illuminate/Foundation/Application.php:1058
/Users/navid/Desktop/library/vendor/laravel/framework/src/Illuminate/Console/Application.php:276
/Users/navid/Desktop/library/vendor/laravel/framework/src/Illuminate/Console/Application.php:290
/Users/navid/Desktop/library/vendor/laravel/framework/src/Illuminate/Support/ServiceProvider.php:473
/Users/navid/Desktop/library/vendor/laravel/framework/src/Illuminate/Console/Application.php:134
/Users/navid/Desktop/library/vendor/laravel/framework/src/Illuminate/Console/Application.php:81
/Users/navid/Desktop/library/vendor/laravel/framework/src/Illuminate/Foundation/Console/Kernel.php:540
/Users/navid/Desktop/library/vendor/laravel/framework/src/Illuminate/Foundation/Console/Kernel.php:427
/Users/navid/Desktop/library/vendor/laravel/framework/src/Illuminate/Testing/PendingCommand.php:332
/Users/navid/Desktop/library/vendor/laravel/framework/src/Illuminate/Testing/PendingCommand.php:556
/Users/navid/Desktop/library/vendor/laravel/framework/src/Illuminate/Foundation/Testing/Concerns/InteractsWithConsole.php:87
/Users/navid/Desktop/library/tests/TestCase.php:91
/Users/navid/Desktop/library/tests/TestCase.php:14
/Users/navid/Desktop/library/tests/Unit/SmartFailoverTest.php:14</error>
        </testcase>
        <testcase name="it_can_configure_database_failover" file="/Users/navid/Desktop/library/tests/Unit/SmartFailoverTest.php" line="19" class="Mirzaaghazadeh\SmartFailover\Tests\Unit\SmartFailoverTest" classname="Mirzaaghazadeh.SmartFailover.Tests.Unit.SmartFailoverTest" assertions="0" time="0.000000">
          <error type="Illuminate\Contracts\Container\BindingResolutionException">Mirzaaghazadeh\SmartFailover\Tests\Unit\SmartFailoverTest::it_can_configure_database_failover
Illuminate\Contracts\Container\BindingResolutionException: Target class [MirzaAghazadeh\SmartFailover\Console\Commands\HealthCheckCommand] does not exist.

/Users/navid/Desktop/library/vendor/laravel/framework/src/Illuminate/Container/Container.php:961
/Users/navid/Desktop/library/vendor/laravel/framework/src/Illuminate/Container/Container.php:832
/Users/navid/Desktop/library/vendor/laravel/framework/src/Illuminate/Foundation/Application.php:1078
/Users/navid/Desktop/library/vendor/laravel/framework/src/Illuminate/Container/Container.php:763
/Users/navid/Desktop/library/vendor/laravel/framework/src/Illuminate/Foundation/Application.php:1058
/Users/navid/Desktop/library/vendor/laravel/framework/src/Illuminate/Console/Application.php:276
/Users/navid/Desktop/library/vendor/laravel/framework/src/Illuminate/Console/Application.php:290
/Users/navid/Desktop/library/vendor/laravel/framework/src/Illuminate/Support/ServiceProvider.php:473
/Users/navid/Desktop/library/vendor/laravel/framework/src/Illuminate/Console/Application.php:134
/Users/navid/Desktop/library/vendor/laravel/framework/src/Illuminate/Console/Application.php:81
/Users/navid/Desktop/library/vendor/laravel/framework/src/Illuminate/Foundation/Console/Kernel.php:540
/Users/navid/Desktop/library/vendor/laravel/framework/src/Illuminate/Foundation/Console/Kernel.php:427
/Users/navid/Desktop/library/vendor/laravel/framework/src/Illuminate/Testing/PendingCommand.php:332
/Users/navid/Desktop/library/vendor/laravel/framework/src/Illuminate/Testing/PendingCommand.php:556
/Users/navid/Desktop/library/vendor/laravel/framework/src/Illuminate/Foundation/Testing/Concerns/InteractsWithConsole.php:87
/Users/navid/Desktop/library/tests/TestCase.php:91
/Users/navid/Desktop/library/tests/TestCase.php:14
/Users/navid/Desktop/library/tests/Unit/SmartFailoverTest.php:14</error>
        </testcase>
        <testcase name="it_can_configure_cache_failover" file="/Users/navid/Desktop/library/tests/Unit/SmartFailoverTest.php" line="27" class="Mirzaaghazadeh\SmartFailover\Tests\Unit\SmartFailoverTest" classname="Mirzaaghazadeh.SmartFailover.Tests.Unit.SmartFailoverTest" assertions="0" time="0.000000">
          <error type="Illuminate\Contracts\Container\BindingResolutionException">Mirzaaghazadeh\SmartFailover\Tests\Unit\SmartFailoverTest::it_can_configure_cache_failover
Illuminate\Contracts\Container\BindingResolutionException: Target class [MirzaAghazadeh\SmartFailover\Console\Commands\HealthCheckCommand] does not exist.

/Users/navid/Desktop/library/vendor/laravel/framework/src/Illuminate/Container/Container.php:961
/Users/navid/Desktop/library/vendor/laravel/framework/src/Illuminate/Container/Container.php:832
/Users/navid/Desktop/library/vendor/laravel/framework/src/Illuminate/Foundation/Application.php:1078
/Users/navid/Desktop/library/vendor/laravel/framework/src/Illuminate/Container/Container.php:763
/Users/navid/Desktop/library/vendor/laravel/framework/src/Illuminate/Foundation/Application.php:1058
/Users/navid/Desktop/library/vendor/laravel/framework/src/Illuminate/Console/Application.php:276
/Users/navid/Desktop/library/vendor/laravel/framework/src/Illuminate/Console/Application.php:290
/Users/navid/Desktop/library/vendor/laravel/framework/src/Illuminate/Support/ServiceProvider.php:473
/Users/navid/Desktop/library/vendor/laravel/framework/src/Illuminate/Console/Application.php:134
/Users/navid/Desktop/library/vendor/laravel/framework/src/Illuminate/Console/Application.php:81
/Users/navid/Desktop/library/vendor/laravel/framework/src/Illuminate/Foundation/Console/Kernel.php:540
/Users/navid/Desktop/library/vendor/laravel/framework/src/Illuminate/Foundation/Console/Kernel.php:427
/Users/navid/Desktop/library/vendor/laravel/framework/src/Illuminate/Testing/PendingCommand.php:332
/Users/navid/Desktop/library/vendor/laravel/framework/src/Illuminate/Testing/PendingCommand.php:556
/Users/navid/Desktop/library/vendor/laravel/framework/src/Illuminate/Foundation/Testing/Concerns/InteractsWithConsole.php:87
/Users/navid/Desktop/library/tests/TestCase.php:91
/Users/navid/Desktop/library/tests/TestCase.php:14
/Users/navid/Desktop/library/tests/Unit/SmartFailoverTest.php:14</error>
        </testcase>
      </testsuite>
    </testsuite>
  </testsuite>
</testsuites>
